[2019-06-08 12:11:41.067682]$ Dungeon restarted.
[2019-06-08 12:11:51.697449]$ Searching image...
[2019-06-08 12:11:55.236869]$ Battle won.
[2019-06-08 12:13:13.569917]$ Searching image...
[2019-06-08 12:13:15.677174]$ Battle won.
[2019-06-08 12:14:27.944659]$ Searching image...
[2019-06-08 12:14:29.126448]$ No life left. Waiting...
[2019-06-08 12:28:13.755129]$ Searching image...
[2019-06-08 12:28:17.067406]$ Battle won.
[2019-06-08 12:29:30.508218]$ Searching image...
[2019-06-08 12:29:32.508004]$ Battle won.
[2019-06-08 12:30:49.886565]$ Searching image...
[2019-06-08 12:30:51.829857]$ Battle won.
[2019-06-08 12:32:07.219522]$ Searching image...
[2019-06-08 12:32:09.089592]$ Battle won.
[2019-06-08 12:33:28.279348]$ Searching image...
[2019-06-08 12:33:30.096006]$ Battle won.
[2019-06-08 12:34:46.830448]$ Dungeon restarted.
[2019-06-08 12:34:57.366071]$ Searching image...
[2019-06-08 12:34:59.385642]$ Battle won.
[2019-06-08 12:36:12.764822]$ Searching image...
[2019-06-08 12:36:14.689418]$ Battle won.
[2019-06-08 12:37:24.070381]$ Searching image...
[2019-06-08 12:37:25.947954]$ Battle won.
[2019-06-08 12:38:41.204304]$ Searching image...
[2019-06-08 12:38:43.080095]$ Battle won.
[2019-06-08 12:39:58.366359]$ Searching image...
[2019-06-08 12:40:00.255773]$ Battle won.
[2019-06-08 12:41:15.643270]$ Searching image...
[2019-06-08 12:41:17.531692]$ Battle won.
[2019-06-08 12:42:29.884531]$ Searching image...
[2019-06-08 12:42:31.823974]$ Battle won.
[2019-06-08 12:43:48.632780]$ Dungeon restarted.
[2019-06-08 12:43:59.197168]$ Searching image...
[2019-06-08 12:44:01.145783]$ Battle won.
[2019-06-08 12:45:13.424469]$ Searching image...
[2019-06-08 12:45:15.407329]$ Battle won.
[2019-06-08 12:46:34.818926]$ Searching image...
[2019-06-08 12:46:36.720706]$ Battle won.
[2019-06-08 12:47:55.038548]$ Searching image...
[2019-06-08 12:47:56.875929]$ Battle won.
[2019-06-08 12:49:13.326900]$ Searching image...
[2019-06-08 12:49:15.172684]$ Battle won.
[2019-06-08 12:50:29.611930]$ Searching image...
[2019-06-08 12:50:31.540628]$ Battle won.
[2019-06-08 12:51:46.802402]$ Searching image...
[2019-06-08 12:51:48.600494]$ Battle won.
[2019-06-08 12:53:07.382135]$ Dungeon restarted.
[2019-06-08 12:53:17.923534]$ Searching image...
[2019-06-08 12:53:19.877362]$ Battle won.
[2019-06-08 12:54:39.252229]$ Searching image...
[2019-06-08 12:54:40.434559]$ No life left. Waiting...
[2019-06-08 13:09:51.928155]$ Searching image...
[2019-06-08 13:09:53.185188]$ No life left. Waiting...
[2019-06-08 13:25:02.502543]$ Searching image...
[2019-06-08 13:25:03.767653]$ No life left. Waiting...
[2019-06-08 13:40:09.120734]$ Searching image...
[2019-06-08 13:40:10.484830]$ No life left. Waiting...
[2019-06-08 13:55:21.027472]$ Searching image...
[2019-06-08 13:55:22.978628]$ No life left. Waiting...
[2019-06-08 14:10:30.248986]$ Searching image...
[2019-06-08 14:10:31.253464]$ No life left. Waiting...
[2019-06-08 14:25:36.626037]$ Searching image...
[2019-06-08 14:25:37.855130]$ No life left. Waiting...
[2019-06-08 14:40:43.290801]$ Searching image...
[2019-06-08 14:40:45.222267]$ Battle won.
[2019-06-08 14:42:01.607245]$ Searching image...
[2019-06-08 14:42:03.479527]$ Battle won.
[2019-06-08 14:43:15.815318]$ Searching image...
[2019-06-08 14:43:17.791635]$ Battle won.
[2019-06-08 14:44:28.002816]$ Searching image...
[2019-06-08 14:44:29.337714]$ No life left. Waiting...
[2019-06-09 00:53:51.797818]$ Searching image...
[2019-06-09 00:53:54.560784]$ Lost 1 times in a row.
[2019-06-09 00:54:47.022620]$ No life left. Waiting...
[2019-06-09 00:56:03.770068]$ Searching boss...
[2019-06-09 00:56:04.737500]$ Skipping boss...
[2019-06-09 00:56:04.737602]$ Boss not found.
[2019-06-09 00:56:04.737631]$ Searching image...
[2019-06-09 00:56:08.376395]$ Lost 1 times in a row.
[2019-06-09 00:56:53.449605]$ No life left. Waiting...
[2019-06-09 01:03:16.177495]$ Searching boss...
[2019-06-09 01:03:17.297630]$ Skipping boss...
[2019-06-09 01:05:23.855812]$ Searching boss...
[2019-06-09 01:05:24.970426]$ Skipping boss...
[2019-06-09 01:05:29.137083]$ Dungeon restarted.
[2019-06-09 01:05:40.622425]$ Searching boss...
[2019-06-09 01:05:41.987552]$ Boss not found.
[2019-06-09 01:05:41.987650]$ Skipping boss...
[2019-06-09 01:05:46.228472]$ Dungeon restarted.
[2019-06-09 01:05:56.718889]$ Searching boss...
[2019-06-09 01:05:58.108292]$ Boss not found.
[2019-06-09 01:05:58.108399]$ Skipping boss...
[2019-06-09 01:06:02.312410]$ Dungeon restarted.
[2019-06-09 01:06:12.831562]$ Searching boss...
[2019-06-09 01:06:14.161507]$ Boss not found.
[2019-06-09 01:06:14.161614]$ Skipping boss...
[2019-06-09 01:06:18.158041]$ Dungeon restarted.
[2019-06-09 01:06:41.130602]$ Searching boss...
[2019-06-09 01:06:42.530736]$ Boss not found.
[2019-06-09 01:06:42.530828]$ Searching image...
[2019-06-09 01:06:46.099779]$ Battle won.
[2019-06-09 01:08:00.416081]$ Searching boss...
[2019-06-09 01:08:01.624465]$ Boss not found.
[2019-06-09 01:08:01.624562]$ Searching image...
[2019-06-09 01:08:03.578127]$ Battle won.
[2019-06-09 01:09:21.976791]$ Searching boss...
[2019-06-09 01:09:23.366684]$ Boss not found.
[2019-06-09 01:09:23.366894]$ Searching image...
[2019-06-09 01:09:25.513287]$ Battle won.
[2019-06-09 01:10:36.857336]$ Searching boss...
[2019-06-09 01:10:38.209364]$ Boss not found.
[2019-06-09 01:10:38.209495]$ Searching image...
[2019-06-09 01:10:40.349844]$ Battle won.
[2019-06-09 01:11:56.792063]$ Searching boss...
[2019-06-09 01:11:58.164239]$ Boss not found.
[2019-06-09 01:11:58.164341]$ Searching image...
[2019-06-09 01:11:59.497361]$ No life left. Waiting...
[2019-06-09 01:27:03.947736]$ Searching boss...
[2019-06-09 01:27:05.074305]$ Boss not found.
[2019-06-09 01:27:05.074395]$ Searching image...
[2019-06-09 01:27:06.169048]$ No life left. Waiting...
[2019-06-09 01:40:50.737897]$ Remaining time: çok uzun
[2019-06-09 01:41:57.076811]$ Remaining time: çok uzun
[2019-06-09 01:43:48.773450]$ Remaining time: çok uzun
[2019-06-09 01:45:29.361182]$ Remaining time: uzun
[2019-06-09 01:48:44.145656]$ Remaining time: uzun
[2019-06-09 01:51:29.419348]$ Remaining time: uzun
[2019-06-09 01:55:21.855689]$ Remaining time: uzun
[2019-06-09 01:55:58.331005]$ Remaining time: uzun
[2019-06-09 01:56:29.999337]$ Remaining time: uzun
[2019-06-09 01:57:53.913575]$ Remaining time: uzun
[2019-06-09 02:05:50.656592]$ Remaining time: orta
[2019-06-09 02:07:03.729709]$ Remaining time: orta
[2019-06-09 02:09:55.915387]$ Remaining time: orta
[2019-06-09 02:10:52.044081]$ Remaining time: orta
[2019-06-09 02:11:34.251974]$ Remaining time: orta
[2019-06-09 02:12:11.009840]$ Remaining time: orta
[2019-06-09 02:13:13.089260]$ Remaining time: orta
[2019-06-09 02:32:40.269784]$ Remaining time: uzun
[2019-06-09 02:33:10.397667]$ Remaining time: uzun
[2019-06-09 02:34:09.978992]$ Remaining time: uzun
[2019-06-09 02:35:39.137881]$ Remaining time: uzun
[2019-06-09 02:36:32.396624]$ Remaining time: uzun
[2019-06-09 02:37:36.137965]$ Remaining time: uzun
[2019-06-09 02:38:42.444414]$ Remaining time: uzun
[2019-06-09 02:41:00.685764]$ Remaining time: uzun
[2019-06-09 02:41:58.760909]$ Remaining time: orta
[2019-06-09 02:51:08.014974]$ Remaining time: orta
[2019-06-09 02:53:38.602177]$ Remaining time: orta
[2019-06-09 02:57:59.164415]$ Remaining time: orta
[2019-06-09 03:08:31.923664]$ Searching boss...
[2019-06-09 03:08:33.138489]$ Boss not found.
[2019-06-09 03:08:33.139766]$ Searching image...
[2019-06-09 03:08:36.137172]$ Battle won.
[2019-06-09 03:09:47.549035]$ Searching boss...
[2019-06-09 03:09:48.720639]$ Boss not found.
[2019-06-09 03:09:48.720725]$ Searching image...
[2019-06-09 03:09:50.876722]$ Battle won.
[2019-06-09 03:11:10.257124]$ Searching boss...
[2019-06-09 03:11:11.484011]$ Boss not found.
[2019-06-09 03:11:11.484098]$ Searching image...
[2019-06-09 03:11:13.507011]$ Battle won.
[2019-06-09 03:12:23.959443]$ Searching boss...
[2019-06-09 03:12:25.152134]$ Boss not found.
[2019-06-09 03:12:25.152219]$ Searching image...
[2019-06-09 03:12:27.063465]$ Battle won.
[2019-06-09 03:13:42.461286]$ Searching boss...
[2019-06-09 03:13:43.442847]$ Skipping boss...
[2019-06-09 03:13:47.785299]$ Dungeon restarted.
[2019-06-09 03:13:58.320703]$ Searching boss...
[2019-06-09 03:13:59.536035]$ Boss not found.
[2019-06-09 03:13:59.536122]$ Searching image...
[2019-06-09 03:14:01.593780]$ Battle won.
[2019-06-09 03:15:12.978179]$ Searching boss...
[2019-06-09 03:15:14.190917]$ Boss not found.
[2019-06-09 03:15:14.191000]$ Searching image...
[2019-06-09 03:15:16.279191]$ Battle won.
[2019-06-09 03:16:29.744888]$ Searching boss...
[2019-06-09 03:16:30.928394]$ Boss not found.
[2019-06-09 03:16:30.928477]$ Searching image...
[2019-06-09 03:16:33.072607]$ Battle won.
[2019-06-09 03:17:43.314974]$ Searching boss...
[2019-06-09 03:17:44.517601]$ Boss not found.
[2019-06-09 03:17:44.517689]$ Searching image...
[2019-06-09 03:17:46.605731]$ Battle won.
[2019-06-09 03:18:59.909822]$ Searching boss...
[2019-06-09 03:19:01.101422]$ Boss not found.
[2019-06-09 03:19:01.101510]$ Searching image...
[2019-06-09 03:19:03.049105]$ Battle won.
[2019-06-09 03:20:20.352973]$ Searching boss...
[2019-06-09 03:20:21.334745]$ Skipping boss...
[2019-06-09 03:20:25.572514]$ Dungeon restarted.
[2019-06-09 03:20:36.073540]$ Searching boss...
[2019-06-09 03:20:37.264196]$ Boss not found.
[2019-06-09 03:20:37.264283]$ Searching image...
[2019-06-09 03:20:39.280906]$ Battle won.
[2019-06-09 03:21:51.766724]$ Searching boss...
[2019-06-09 03:21:52.951900]$ Boss not found.
[2019-06-09 03:21:52.951989]$ Searching image...
[2019-06-09 03:21:54.899901]$ Battle won.
[2019-06-09 03:23:13.282767]$ Searching boss...
[2019-06-09 03:23:14.480214]$ Boss not found.
[2019-06-09 03:23:14.480301]$ Searching image...
[2019-06-09 03:23:16.502380]$ Battle won.
[2019-06-09 03:24:32.885563]$ Searching boss...
[2019-06-09 03:24:34.105752]$ Boss not found.
[2019-06-09 03:24:34.105832]$ Searching image...
[2019-06-09 03:24:36.048778]$ Battle won.
[2019-06-09 03:25:52.385036]$ Searching boss...
[2019-06-09 03:25:53.597262]$ Boss not found.
[2019-06-09 03:25:53.597345]$ Searching image...
[2019-06-09 03:25:55.428404]$ Battle won.
[2019-06-09 03:27:10.779191]$ Searching boss...
[2019-06-09 03:27:12.028786]$ Boss not found.
[2019-06-09 03:27:12.028872]$ Searching image...
[2019-06-09 03:27:13.236346]$ No life left. Waiting...
[2019-06-09 03:42:20.578354]$ Searching boss...
[2019-06-09 03:42:21.537301]$ Skipping boss...
[2019-06-09 03:42:25.779827]$ Dungeon restarted.
[2019-06-09 03:42:36.305125]$ Searching boss...
[2019-06-09 03:42:37.518851]$ Boss not found.
[2019-06-09 03:42:37.518940]$ Searching image...
[2019-06-09 03:42:39.489229]$ Battle won.
[2019-06-09 03:43:56.830778]$ Searching boss...
[2019-06-09 03:43:58.058463]$ Boss not found.
[2019-06-09 03:43:58.058547]$ Searching image...
[2019-06-09 03:43:59.219725]$ No life left. Waiting...
[2019-06-09 03:59:07.630819]$ Searching boss...
[2019-06-09 03:59:08.824075]$ Boss not found.
[2019-06-09 03:59:08.824155]$ Searching image...
[2019-06-09 03:59:10.767820]$ Battle won.
[2019-06-09 04:00:30.141659]$ Searching boss...
[2019-06-09 04:00:31.329578]$ Boss not found.
[2019-06-09 04:00:31.329666]$ Searching image...
[2019-06-09 04:00:33.286596]$ Battle won.
[2019-06-09 04:01:51.615770]$ Searching boss...
[2019-06-09 04:01:52.862184]$ Boss not found.
[2019-06-09 04:01:52.862271]$ Searching image...
[2019-06-09 04:01:54.046669]$ No life left. Waiting...
[2019-06-09 04:16:58.521472]$ Searching boss...
[2019-06-09 04:16:59.719110]$ Boss not found.
[2019-06-09 04:16:59.719195]$ Searching image...
[2019-06-09 04:17:01.653996]$ Battle won.
[2019-06-09 04:18:10.937173]$ Searching boss...
[2019-06-09 04:18:12.212901]$ Boss not found.
[2019-06-09 04:18:12.212987]$ Searching image...
[2019-06-09 04:18:13.404994]$ No life left. Waiting...
[2019-06-09 04:33:18.783063]$ Searching boss...
[2019-06-09 04:33:19.963543]$ Boss not found.
[2019-06-09 04:33:19.963629]$ Searching image...
[2019-06-09 04:33:21.802162]$ Battle won.
[2019-06-09 04:34:31.016793]$ Searching boss...
[2019-06-09 04:34:31.976063]$ Skipping boss...
[2019-06-09 04:34:36.241205]$ Dungeon restarted.
[2019-06-09 04:34:46.818256]$ Searching boss...
[2019-06-09 04:34:48.001131]$ Boss not found.
[2019-06-09 04:34:48.001220]$ Searching image...
[2019-06-09 04:34:49.932482]$ Battle won.
[2019-06-09 04:36:05.275751]$ Searching boss...
[2019-06-09 04:36:06.518757]$ Boss not found.
[2019-06-09 04:36:06.518844]$ Searching image...
[2019-06-09 04:36:07.714185]$ No life left. Waiting...
[2019-06-09 04:51:22.156176]$ Searching boss...
[2019-06-09 04:51:23.346394]$ Boss not found.
[2019-06-09 04:51:23.346479]$ Searching image...
[2019-06-09 04:51:25.320591]$ Battle won.
[2019-06-09 04:52:38.602001]$ Searching boss...
[2019-06-09 04:52:39.869337]$ Boss not found.
[2019-06-09 04:52:39.869427]$ Searching image...
[2019-06-09 04:52:41.057474]$ No life left. Waiting...
[2019-06-09 05:07:47.474477]$ Searching boss...
[2019-06-09 05:07:48.676027]$ Boss not found.
[2019-06-09 05:07:48.676112]$ Searching image...
[2019-06-09 05:07:50.635279]$ Battle won.
[2019-06-09 05:09:09.964274]$ Searching boss...
[2019-06-09 05:09:11.181368]$ Boss not found.
[2019-06-09 05:09:11.181454]$ Searching image...
[2019-06-09 05:09:13.076768]$ Battle won.
[2019-06-09 05:10:30.494892]$ Searching boss...
[2019-06-09 05:10:31.740418]$ Boss not found.
[2019-06-09 05:10:31.740494]$ Searching image...
[2019-06-09 05:10:32.932449]$ No life left. Waiting...
[2019-06-09 05:25:39.438681]$ Searching boss...
[2019-06-09 05:25:40.673614]$ Boss not found.
[2019-06-09 05:25:40.673700]$ Searching image...
[2019-06-09 05:25:42.444770]$ Battle won.
[2019-06-09 05:27:00.715555]$ Searching boss...
[2019-06-09 05:27:01.958354]$ Boss not found.
[2019-06-09 05:27:01.958450]$ Searching image...
[2019-06-09 05:27:03.160345]$ No life left. Waiting...
[2019-06-09 05:42:13.534289]$ Searching boss...
[2019-06-09 05:42:14.518681]$ Skipping boss...
[2019-06-09 05:42:18.758267]$ Dungeon restarted.
[2019-06-09 05:42:29.289895]$ Searching boss...
[2019-06-09 05:42:30.471437]$ Boss not found.
[2019-06-09 05:42:30.471525]$ Searching image...
[2019-06-09 05:42:32.425105]$ Battle won.
[2019-06-09 05:43:43.730204]$ Searching boss...
[2019-06-09 05:43:44.992588]$ Boss not found.
[2019-06-09 05:43:44.992676]$ Searching image...
[2019-06-09 05:43:46.194336]$ No life left. Waiting...
[2019-06-09 05:58:52.610619]$ Searching boss...
[2019-06-09 05:58:53.813246]$ Boss not found.
[2019-06-09 05:58:53.813335]$ Searching image...
[2019-06-09 05:58:55.776244]$ Battle won.
[2019-06-09 06:00:10.057095]$ Searching boss...
[2019-06-09 06:00:11.246291]$ Boss not found.
[2019-06-09 06:00:11.246401]$ Searching image...
[2019-06-09 06:00:13.207752]$ Battle won.
[2019-06-09 06:01:23.568056]$ Searching boss...
[2019-06-09 06:01:24.828594]$ Boss not found.
[2019-06-09 06:01:24.828683]$ Searching image...
[2019-06-09 06:01:26.011552]$ No life left. Waiting...
[2019-06-09 06:16:34.414502]$ Searching boss...
[2019-06-09 06:16:35.608944]$ Boss not found.
[2019-06-09 06:16:35.609028]$ Searching image...
[2019-06-09 06:16:37.473713]$ Battle won.
[2019-06-09 06:17:53.880552]$ Searching boss...
[2019-06-09 06:17:55.135466]$ Boss not found.
[2019-06-09 06:17:55.135551]$ Searching image...
[2019-06-09 06:17:56.333561]$ No life left. Waiting...
[2019-06-09 06:33:03.747511]$ Searching boss...
[2019-06-09 06:33:04.940325]$ Boss not found.
[2019-06-09 06:33:04.940411]$ Searching image...
[2019-06-09 06:33:06.722616]$ Battle won.
[2019-06-09 06:34:25.070580]$ Searching boss...
[2019-06-09 06:34:26.060570]$ Skipping boss...
[2019-06-09 06:34:30.545336]$ Dungeon restarted.
[2019-06-09 06:34:41.098744]$ Searching boss...
[2019-06-09 06:34:42.295670]$ Boss not found.
[2019-06-09 06:34:42.295756]$ Searching image...
[2019-06-09 06:34:44.697206]$ Battle won.
[2019-06-09 06:35:58.862193]$ Searching boss...
[2019-06-09 06:36:00.085283]$ Boss not found.
[2019-06-09 06:36:00.085367]$ Searching image...
[2019-06-09 06:36:01.991990]$ Battle won.
[2019-06-09 06:37:21.457173]$ Searching boss...
[2019-06-09 06:37:22.658640]$ Boss not found.
[2019-06-09 06:37:22.658725]$ Searching image...
[2019-06-09 06:37:24.663252]$ Battle won.
[2019-06-09 06:38:41.011612]$ Searching boss...
[2019-06-09 06:38:42.207023]$ Boss not found.
[2019-06-09 06:38:42.207108]$ Searching image...
[2019-06-09 06:38:44.251801]$ Battle won.
[2019-06-09 06:39:56.633802]$ Searching boss...
[2019-06-09 06:39:57.860708]$ Boss not found.
[2019-06-09 06:39:57.860793]$ Searching image...
[2019-06-09 06:39:59.706003]$ Battle won.
[2019-06-09 06:41:09.047131]$ Searching boss...
[2019-06-09 06:41:10.011437]$ Skipping boss...
[2019-06-09 06:41:14.369770]$ Dungeon restarted.
[2019-06-09 06:41:24.869444]$ Searching boss...
[2019-06-09 06:41:26.053622]$ Boss not found.
[2019-06-09 06:41:26.053695]$ Searching image...
[2019-06-09 06:41:28.168875]$ Battle won.
[2019-06-09 06:42:45.538449]$ Searching boss...
[2019-06-09 06:42:46.756502]$ Boss not found.
[2019-06-09 06:42:46.756589]$ Searching image...
[2019-06-09 06:42:48.848592]$ Battle won.
[2019-06-09 06:44:05.300078]$ Searching boss...
[2019-06-09 06:44:06.484611]$ Boss not found.
[2019-06-09 06:44:06.484696]$ Searching image...
[2019-06-09 06:44:08.543861]$ Battle won.
[2019-06-09 06:45:24.911010]$ Searching boss...
[2019-06-09 06:45:26.139945]$ Boss not found.
[2019-06-09 06:45:26.140032]$ Searching image...
[2019-06-09 06:45:28.185865]$ Battle won.
[2019-06-09 06:46:37.509534]$ Searching boss...
[2019-06-09 06:46:38.720437]$ Boss not found.
[2019-06-09 06:46:38.720525]$ Searching image...
[2019-06-09 06:46:40.606223]$ Battle won.
[2019-06-09 06:47:55.006610]$ Searching boss...
[2019-06-09 06:47:55.967567]$ Skipping boss...
[2019-06-09 06:48:00.247837]$ Dungeon restarted.
[2019-06-09 06:48:10.806455]$ Searching boss...
[2019-06-09 06:48:11.993704]$ Boss not found.
[2019-06-09 06:48:11.993780]$ Searching image...
[2019-06-09 06:48:14.072401]$ Battle won.
[2019-06-09 06:49:30.460858]$ Searching boss...
[2019-06-09 06:49:31.675691]$ Boss not found.
[2019-06-09 06:49:31.675768]$ Searching image...
[2019-06-09 06:49:33.695192]$ Battle won.
[2019-06-09 06:50:45.043137]$ Searching boss...
[2019-06-09 06:50:46.232500]$ Boss not found.
[2019-06-09 06:50:46.232570]$ Searching image...
[2019-06-09 06:50:48.318331]$ Battle won.
[2019-06-09 06:52:04.727056]$ Searching boss...
[2019-06-09 06:52:05.915495]$ Boss not found.
[2019-06-09 06:52:05.915600]$ Searching image...
[2019-06-09 06:52:08.010358]$ Battle won.
[2019-06-09 06:53:18.483600]$ Searching boss...
[2019-06-09 06:53:19.704615]$ Boss not found.
[2019-06-09 06:53:19.704699]$ Searching image...
[2019-06-09 06:53:21.615897]$ Battle won.
[2019-06-09 06:54:37.041574]$ Searching boss...
[2019-06-09 06:54:38.026982]$ Skipping boss...
[2019-06-09 06:54:42.375046]$ Dungeon restarted.
[2019-06-09 06:54:52.967115]$ Searching boss...
[2019-06-09 06:54:54.159781]$ Boss not found.
[2019-06-09 06:54:54.159869]$ Searching image...
[2019-06-09 06:54:56.233186]$ Battle won.
[2019-06-09 06:56:06.614163]$ Searching boss...
[2019-06-09 06:56:07.840849]$ Boss not found.
[2019-06-09 06:56:07.840934]$ Searching image...
[2019-06-09 06:56:09.970671]$ Battle won.
[2019-06-09 06:57:22.374446]$ Searching boss...
[2019-06-09 06:57:23.582346]$ Boss not found.
[2019-06-09 06:57:23.582430]$ Searching image...
[2019-06-09 06:57:25.646994]$ Battle won.
[2019-06-09 06:58:40.011782]$ Searching boss...
[2019-06-09 06:58:41.207225]$ Boss not found.
[2019-06-09 06:58:41.207313]$ Searching image...
[2019-06-09 06:58:43.307586]$ Battle won.
[2019-06-09 06:59:59.804987]$ Searching boss...
[2019-06-09 07:00:01.014688]$ Boss not found.
[2019-06-09 07:00:01.014773]$ Searching image...
[2019-06-09 07:00:02.962925]$ Battle won.
[2019-06-09 07:01:14.307795]$ Searching boss...
[2019-06-09 07:01:15.272302]$ Skipping boss...
[2019-06-09 07:01:19.658957]$ Dungeon restarted.
[2019-06-09 07:01:30.242979]$ Searching boss...
[2019-06-09 07:01:31.443257]$ Boss not found.
[2019-06-09 07:01:31.443346]$ Searching image...
[2019-06-09 07:01:33.524811]$ Battle won.
[2019-06-09 07:02:46.889806]$ Searching boss...
[2019-06-09 07:02:48.079780]$ Boss not found.
[2019-06-09 07:02:48.079857]$ Searching image...
[2019-06-09 07:02:50.230147]$ Battle won.
[2019-06-09 07:04:03.635658]$ Searching boss...
[2019-06-09 07:04:04.835664]$ Boss not found.
[2019-06-09 07:04:04.835781]$ Searching image...
[2019-06-09 07:04:06.862291]$ Battle won.
[2019-06-09 07:05:17.308460]$ Searching boss...
[2019-06-09 07:05:18.493255]$ Boss not found.
[2019-06-09 07:05:18.493337]$ Searching image...
[2019-06-09 07:05:20.471246]$ Battle won.
[2019-06-09 07:06:34.845520]$ Searching boss...
[2019-06-09 07:06:36.068698]$ Boss not found.
[2019-06-09 07:06:36.068787]$ Searching image...
[2019-06-09 07:06:37.870121]$ Battle won.
[2019-06-09 07:07:52.251506]$ Searching boss...
[2019-06-09 07:07:53.210105]$ Skipping boss...
[2019-06-09 07:07:57.451747]$ Dungeon restarted.
[2019-06-09 07:08:07.984465]$ Searching boss...
[2019-06-09 07:08:09.172446]$ Boss not found.
[2019-06-09 07:08:09.172534]$ Searching image...
[2019-06-09 07:08:11.102322]$ Battle won.
[2019-06-09 07:09:26.476404]$ Searching boss...
[2019-06-09 07:09:27.694082]$ Boss not found.
[2019-06-09 07:09:27.694166]$ Searching image...
[2019-06-09 07:09:29.713773]$ Battle won.
[2019-06-09 07:10:42.987107]$ Searching boss...
[2019-06-09 07:10:44.193471]$ Boss not found.
[2019-06-09 07:10:44.193556]$ Searching image...
[2019-06-09 07:10:46.102257]$ Battle won.
[2019-06-09 07:12:04.454990]$ Searching boss...
[2019-06-09 07:12:05.699983]$ Boss not found.
[2019-06-09 07:12:05.700068]$ Searching image...
[2019-06-09 07:12:06.882959]$ No life left. Waiting...
[2019-06-09 07:27:18.234706]$ Searching boss...
[2019-06-09 07:27:19.436657]$ Boss not found.
[2019-06-09 07:27:19.436746]$ Searching image...
[2019-06-09 07:27:21.331899]$ Battle won.
[2019-06-09 07:28:30.647084]$ Searching boss...
[2019-06-09 07:28:31.907938]$ Boss not found.
[2019-06-09 07:28:31.908028]$ Searching image...
[2019-06-09 07:28:33.103489]$ No life left. Waiting...
[2019-06-09 07:43:42.460423]$ Searching boss...
[2019-06-09 07:43:43.681165]$ Boss not found.
[2019-06-09 07:43:43.681252]$ Searching image...
[2019-06-09 07:43:45.520551]$ Battle won.
[2019-06-09 07:44:54.881701]$ Searching boss...
[2019-06-09 07:44:55.843213]$ Skipping boss...
[2019-06-09 07:45:00.134299]$ Dungeon restarted.
[2019-06-09 07:45:10.606260]$ Searching boss...
[2019-06-09 07:45:11.798953]$ Boss not found.
[2019-06-09 07:45:11.799036]$ Searching image...
[2019-06-09 07:45:13.763575]$ Battle won.
[2019-06-09 07:46:32.049274]$ Searching boss...
[2019-06-09 07:46:33.322668]$ Boss not found.
[2019-06-09 07:46:33.322755]$ Searching image...
[2019-06-09 07:46:34.513911]$ No life left. Waiting...
[2019-06-09 08:01:42.870337]$ Searching boss...
[2019-06-09 08:01:44.099373]$ Boss not found.
[2019-06-09 08:01:44.099463]$ Searching image...
[2019-06-09 08:01:46.034189]$ Battle won.
[2019-06-09 08:02:57.457289]$ Searching boss...
[2019-06-09 08:02:58.715575]$ Boss not found.
[2019-06-09 08:02:58.715663]$ Searching image...
[2019-06-09 08:02:59.909779]$ No life left. Waiting...
[2019-06-09 08:18:04.282644]$ Searching boss...
[2019-06-09 08:18:05.481868]$ Boss not found.
[2019-06-09 08:18:05.481945]$ Searching image...
[2019-06-09 08:18:07.396354]$ Battle won.
[2019-06-09 08:19:19.704050]$ Searching boss...
[2019-06-09 08:19:20.956634]$ Boss not found.
[2019-06-09 08:19:20.956718]$ Searching image...
[2019-06-09 08:19:22.136073]$ No life left. Waiting...
[2019-06-09 08:34:26.590920]$ Searching boss...
[2019-06-09 08:34:27.777904]$ Boss not found.
[2019-06-09 08:34:27.778015]$ Searching image...
[2019-06-09 08:34:29.717338]$ Battle won.
[2019-06-09 08:35:47.112511]$ Searching boss...
[2019-06-09 08:35:48.315830]$ Boss not found.
[2019-06-09 08:35:48.315931]$ Searching image...
[2019-06-09 08:35:50.083242]$ Battle won.
[2019-06-09 08:37:06.384831]$ Searching boss...
[2019-06-09 08:37:07.632863]$ Boss not found.
[2019-06-09 08:37:07.632941]$ Searching image...
[2019-06-09 08:37:08.816343]$ No life left. Waiting...
[2019-06-09 08:52:23.281331]$ Searching boss...
[2019-06-09 08:52:24.236784]$ Skipping boss...
[2019-06-09 08:52:28.440400]$ Dungeon restarted.
[2019-06-09 08:52:38.964197]$ Searching boss...
[2019-06-09 08:52:40.147729]$ Boss not found.
[2019-06-09 08:52:40.147809]$ Searching image...
[2019-06-09 08:52:42.071580]$ Battle won.
[2019-06-09 08:53:55.331800]$ Searching boss...
[2019-06-09 08:53:56.569106]$ Boss not found.
[2019-06-09 08:53:56.569190]$ Searching image...
[2019-06-09 08:53:57.762415]$ No life left. Waiting...
